<?xml version="1.0" encoding="utf-8"?><testsuites><testsuite name="pytest" errors="0" failures="0" skipped="0" tests="3" time="25.300" timestamp="2024-02-06T15:45:13.916009" hostname="DESKTOP-BPC9R8D"><testcase classname="test_e2e.TestDemo" name="test_e2e" time="12.200" /><testcase classname="test_homepageform.TestHomePageForm" name="test_homepage[getData0]" time="5.277" /><testcase classname="test_homepageform.TestHomePageForm" name="test_homepage[getData1]" time="7.713" /></testsuite></testsuites>